build/outputs/apk/manifest-merger-debug-report.txt
-- Merging decision tree log ---
manifest
ADDED from AndroidManifest.xml:2:1
	xmlns:android
		ADDED from AndroidManifest.xml:2:11
	package
		ADDED from AndroidManifest.xml:3:5
	android:versionName
		ADDED from AndroidManifest.xml:5:5
	android:versionCode
		ADDED from AndroidManifest.xml:4:5
		INJECTED from AndroidManifest.xml:0:0
		INJECTED from AndroidManifest.xml:0:0
uses-sdk
ADDED from AndroidManifest.xml:7:5
MERGED from com.facebook.android:facebook:3.21.1:20:5
MERGED from com.android.support:support-v4:21.0.3:15:5
MERGED from com.rengwuxian.materialedittext:library:1.8.1:6:5
MERGED from com.android.support:appcompat-v7:21.0.3:15:5
MERGED from com.android.support:support-v4:21.0.3:15:5
	android:targetSdkVersion
		ADDED from AndroidManifest.xml:9:9
	android:minSdkVersion
		ADDED from AndroidManifest.xml:8:9
uses-permission#android.permission.INTERNET
ADDED from AndroidManifest.xml:11:5
	android:name
		ADDED from AndroidManifest.xml:11:22
uses-permission#android.permission.ACCESS_NETWORK_STATE
ADDED from AndroidManifest.xml:12:5
	android:name
		ADDED from AndroidManifest.xml:12:22
application
ADDED from AndroidManifest.xml:14:5
MERGED from com.facebook.android:facebook:3.21.1:24:5
MERGED from com.android.support:support-v4:21.0.3:16:5
MERGED from com.android.support:appcompat-v7:21.0.3:16:5
MERGED from com.android.support:support-v4:21.0.3:16:5
	android:label
		ADDED from AndroidManifest.xml:17:9
	android:allowBackup
		ADDED from AndroidManifest.xml:15:9
	android:icon
		ADDED from AndroidManifest.xml:16:9
	android:theme
		ADDED from AndroidManifest.xml:18:9
meta-data#com.facebook.sdk.ApplicationId
ADDED from AndroidManifest.xml:19:9
	android:name
		ADDED from AndroidManifest.xml:20:4
	android:value
		ADDED from AndroidManifest.xml:21:7
activity#com.example.socialtimemachine.MainActivity
ADDED from AndroidManifest.xml:23:9
	android:label
		ADDED from AndroidManifest.xml:25:13
	android:name
		ADDED from AndroidManifest.xml:24:13
intent-filter#android.intent.action.MAIN+android.intent.category.LAUNCHER
ADDED from AndroidManifest.xml:26:13
action#android.intent.action.MAIN
ADDED from AndroidManifest.xml:27:17
	android:name
		ADDED from AndroidManifest.xml:27:25
category#android.intent.category.LAUNCHER
ADDED from AndroidManifest.xml:28:17
	android:name
		ADDED from AndroidManifest.xml:28:27
activity#com.example.socialtimemachine.HomeActivity
ADDED from AndroidManifest.xml:31:10
	android:label
		ADDED from AndroidManifest.xml:33:11
	android:name
		ADDED from AndroidManifest.xml:32:11
intent-filter#android.intent.category.LAUNCHER+com.example.socialtimemachine.HomeActivity
ADDED from AndroidManifest.xml:34:11
action#com.example.socialtimemachine.HomeActivity
ADDED from AndroidManifest.xml:35:15
	android:name
		ADDED from AndroidManifest.xml:35:23
activity#com.example.socialtimemachine.NewGameActivity
ADDED from AndroidManifest.xml:39:10
	android:label
		ADDED from AndroidManifest.xml:41:14
	android:name
		ADDED from AndroidManifest.xml:40:14
intent-filter#android.intent.category.LAUNCHER+com.example.socialtimemachine.NewGameActivity
ADDED from AndroidManifest.xml:42:12
action#com.example.socialtimemachine.NewGameActivity
ADDED from AndroidManifest.xml:43:13
	android:name
		ADDED from AndroidManifest.xml:43:21
activity#com.facebook.LoginActivity
ADDED from AndroidManifest.xml:47:9
	android:label
		ADDED from AndroidManifest.xml:49:13
	android:name
		ADDED from AndroidManifest.xml:48:13
activity#com.example.socialtimemachine.PickerActivity
ADDED from AndroidManifest.xml:51:9
	android:label
		ADDED from AndroidManifest.xml:52:16
	android:name
		ADDED from AndroidManifest.xml:51:19
uses-permission#android.permission.WRITE_EXTERNAL_STORAGE
ADDED from AndroidManifest.xml:56:2
	android:name
		ADDED from AndroidManifest.xml:56:19
uses-permission#android.permission.READ_EXTERNAL_STORAGE
ADDED from AndroidManifest.xml:57:2
	android:name
		ADDED from AndroidManifest.xml:57:19